<?xml version="1.0" encoding="UTF-8"?>
<testsuites name="TS_Appointment" time="11.929" tests="1" failures="0" errors="0">
   <testsuite name="TS_Appointment" tests="1" failures="0" errors="0" time="11.929" skipped="0" timestamp="14-03-2025T00:18:06" hostname="mahtabsiddique - localhost" id="Test Suites/TS_Appointment">
      <properties>
         <property name="deviceName" value=""/>
         <property name="devicePlatform"/>
         <property name="logFolder" value="/Users/mahtabsiddique/git/web-demo-project/Reports/20250314_001800/TS_Appointment/20250314_001801"/>
         <property name="logFiles" value="/Users/mahtabsiddique/git/web-demo-project/Reports/20250314_001800/TS_Appointment/20250314_001801/execution0.log"/>
         <property name="attachments" value=""/>
         <property name="hostName" value="mahtabsiddique - localhost"/>
         <property name="os" value="Mac OS X 64bit"/>
         <property name="katalonVersion" value="10.1.0.223"/>
         <property name="browser" value="Chrome 134.0.6998.89"/>
         <property name="hostAddress" value="127.0.0.1"/>
         <property name="sessionId" value="23f2b0c584c0c8b808e7ba7fd75517d4"/>
         <property name="seleniumVersion" value="4.22.0"/>
         <property name="proxyInformation" value="ProxyInformation { proxyOption=NO_PROXY, proxyServerType=HTTP, username=, password=********, proxyServerAddress=, proxyServerPort=0, executionList=&quot;&quot;, isApplyToDesiredCapabilities=true }"/>
         <property name="platform" value="Mac OS X"/>
      </properties>
      <testcase name="Test Cases/TC_Appointment" time="11.873" classname="Test Cases/TC_Appointment" status="PASSED">
         <system-out><![CDATA[14-03-2025T00:18:06 - [TEST_CASE][PASSED] - Test Cases/TC_Appointment: Test Cases/TC_Appointment

14-03-2025T00:18:06 - [TEST_STEP][PASSED] - openBrowser(""): Browser is opened with url: ''

14-03-2025T00:18:06 - [MESSAGE][INFO] - Starting 'Chrome' driver

14-03-2025T00:18:06 - [MESSAGE][INFO] - Action delay is set to 0 milliseconds

14-03-2025T00:18:08 - [MESSAGE][PASSED] - Browser is opened with url: ''

14-03-2025T00:18:08 - [TEST_STEP][PASSED] - navigateToUrl("https://katalon-demo-cura.herokuapp.com/"): Navigate to 'https://katalon-demo-cura.herokuapp.com/' successfully

14-03-2025T00:18:11 - [MESSAGE][PASSED] - Navigate to 'https://katalon-demo-cura.herokuapp.com/' successfully

14-03-2025T00:18:11 - [TEST_STEP][PASSED] - click(findTestObject("Object Repository/Appointment_Objects/Page_CURA Healthcare Service/a_Make Appointment")): Object: 'Object Repository/Appointment_Objects/Page_CURA Healthcare Service/a_Make Appointment' is clicked on

14-03-2025T00:18:12 - [MESSAGE][PASSED] - Object: 'Object Repository/Appointment_Objects/Page_CURA Healthcare Service/a_Make Appointment' is clicked on

14-03-2025T00:18:12 - [TEST_STEP][PASSED] - setText(findTestObject("Object Repository/Appointment_Objects/Page_CURA Healthcare Service/input_Username_username"), "John Doe"): Text 'John Doe' is set on object 'Object Repository/Appointment_Objects/Page_CURA Healthcare Service/input_Username_username'

14-03-2025T00:18:12 - [MESSAGE][PASSED] - Text 'John Doe' is set on object 'Object Repository/Appointment_Objects/Page_CURA Healthcare Service/input_Username_username'

14-03-2025T00:18:12 - [TEST_STEP][PASSED] - setEncryptedText(findTestObject("Object Repository/Appointment_Objects/Page_CURA Healthcare Service/input_Password_password"), "g3/DOGG74jC3Flrr3yH+3D/yKbOqqUNM"): Text ****** has been set on object 'Object Repository/Appointment_Objects/Page_CURA Healthcare Service/input_Password_password'

14-03-2025T00:18:13 - [MESSAGE][PASSED] - Text ****** has been set on object 'Object Repository/Appointment_Objects/Page_CURA Healthcare Service/input_Password_password'

14-03-2025T00:18:13 - [TEST_STEP][PASSED] - click(findTestObject("Object Repository/Appointment_Objects/Page_CURA Healthcare Service/button_Login")): Object: 'Object Repository/Appointment_Objects/Page_CURA Healthcare Service/button_Login' is clicked on

14-03-2025T00:18:14 - [MESSAGE][PASSED] - Object: 'Object Repository/Appointment_Objects/Page_CURA Healthcare Service/button_Login' is clicked on

14-03-2025T00:18:14 - [TEST_STEP][PASSED] - selectOptionByValue(findTestObject("Object Repository/Appointment_Objects/Page_CURA Healthcare Service/select_Tokyo CURA Healthcare Center        _5b4107"), "Hongkong CURA Healthcare Center", true): All options with value 'Hongkong CURA Healthcare Center' are selected in object 'Object Repository/Appointment_Objects/Page_CURA Healthcare Service/select_Tokyo CURA Healthcare Center        _5b4107'  using regular expression

14-03-2025T00:18:15 - [MESSAGE][PASSED] - All options with value 'Hongkong CURA Healthcare Center' are selected in object 'Object Repository/Appointment_Objects/Page_CURA Healthcare Service/select_Tokyo CURA Healthcare Center        _5b4107'  using regular expression

14-03-2025T00:18:15 - [TEST_STEP][PASSED] - click(findTestObject("Object Repository/Appointment_Objects/Page_CURA Healthcare Service/label_Apply for hospital readmission")): Object: 'Object Repository/Appointment_Objects/Page_CURA Healthcare Service/label_Apply for hospital readmission' is clicked on

14-03-2025T00:18:15 - [MESSAGE][PASSED] - Object: 'Object Repository/Appointment_Objects/Page_CURA Healthcare Service/label_Apply for hospital readmission' is clicked on

14-03-2025T00:18:15 - [TEST_STEP][PASSED] - click(findTestObject("Object Repository/Appointment_Objects/Page_CURA Healthcare Service/input_Medicaid_programs")): Object: 'Object Repository/Appointment_Objects/Page_CURA Healthcare Service/input_Medicaid_programs' is clicked on

14-03-2025T00:18:15 - [MESSAGE][PASSED] - Object: 'Object Repository/Appointment_Objects/Page_CURA Healthcare Service/input_Medicaid_programs' is clicked on

14-03-2025T00:18:15 - [TEST_STEP][PASSED] - click(findTestObject("Object Repository/Appointment_Objects/Page_CURA Healthcare Service/input_Visit Date (Required)_visit_date")): Object: 'Object Repository/Appointment_Objects/Page_CURA Healthcare Service/input_Visit Date (Required)_visit_date' is clicked on

14-03-2025T00:18:15 - [MESSAGE][PASSED] - Object: 'Object Repository/Appointment_Objects/Page_CURA Healthcare Service/input_Visit Date (Required)_visit_date' is clicked on

14-03-2025T00:18:15 - [TEST_STEP][PASSED] - click(findTestObject("Object Repository/Appointment_Objects/Page_CURA Healthcare Service/td_19")): Object: 'Object Repository/Appointment_Objects/Page_CURA Healthcare Service/td_19' is clicked on

14-03-2025T00:18:16 - [MESSAGE][PASSED] - Object: 'Object Repository/Appointment_Objects/Page_CURA Healthcare Service/td_19' is clicked on

14-03-2025T00:18:16 - [TEST_STEP][PASSED] - click(findTestObject("Object Repository/Appointment_Objects/Page_CURA Healthcare Service/td_31")): Object: 'Object Repository/Appointment_Objects/Page_CURA Healthcare Service/td_31' is clicked on

14-03-2025T00:18:16 - [MESSAGE][PASSED] - Object: 'Object Repository/Appointment_Objects/Page_CURA Healthcare Service/td_31' is clicked on

14-03-2025T00:18:16 - [TEST_STEP][PASSED] - setText(findTestObject("Object Repository/Appointment_Objects/Page_CURA Healthcare Service/textarea_Comment_comment"), "Sample appointment."): Text 'Sample appointment.' is set on object 'Object Repository/Appointment_Objects/Page_CURA Healthcare Service/textarea_Comment_comment'

14-03-2025T00:18:17 - [MESSAGE][PASSED] - Text 'Sample appointment.' is set on object 'Object Repository/Appointment_Objects/Page_CURA Healthcare Service/textarea_Comment_comment'

14-03-2025T00:18:17 - [TEST_STEP][PASSED] - click(findTestObject("Object Repository/Appointment_Objects/Page_CURA Healthcare Service/button_Book Appointment")): Object: 'Object Repository/Appointment_Objects/Page_CURA Healthcare Service/button_Book Appointment' is clicked on

14-03-2025T00:18:18 - [MESSAGE][PASSED] - Object: 'Object Repository/Appointment_Objects/Page_CURA Healthcare Service/button_Book Appointment' is clicked on

14-03-2025T00:18:18 - [TEST_STEP][PASSED] - closeBrowser(): Browser is closed

14-03-2025T00:18:18 - [MESSAGE][PASSED] - Browser is closed]]></system-out>
         <system-err><![CDATA[]]></system-err>
      </testcase>
      <system-out><![CDATA[14-03-2025T00:18:06 - [TEST_SUITE][PASSED] - TS_Appointment: Test Cases/TC_Appointment]]></system-out>
      <system-err><![CDATA[]]></system-err>
   </testsuite>
</testsuites>
